<?xml version="1.0" encoding="UTF-8"?>
<!-- Generated by org.testng.reporters.JUnitXMLReporter -->
<testsuite ignored="3" hostname="cogito" failures="0" tests="1" name="Test" time="0.12" errors="0" timestamp="2023-09-09T20:47:54 IST">
  <testcase classname="testNG.demo.GroupsDemo" name="method3" time="0.016"/>
  <testcase classname="testNG.demo.GroupsDemo" name="method4" time="0.0">
    <ignored/>
  </testcase> <!-- method4 -->
  <testcase classname="testNG.demo.GroupsDemo" name="method1" time="0.0">
    <ignored/>
  </testcase> <!-- method1 -->
  <testcase classname="testNG.demo.GroupsDemo" name="method2" time="0.0">
    <ignored/>
  </testcase> <!-- method2 -->
</testsuite> <!-- Test -->
