<?xml version="1.0" encoding="UTF-8"?>
<testng-results ignored="0" total="2" passed="2" failed="0" skipped="0">
  <reporter-output>
  </reporter-output>
  <suite started-at="2023-09-09T21:07:08 IST" name="Default suite" finished-at="2023-09-09T21:07:23 IST" duration-ms="14448">
    <groups>
    </groups>
    <test started-at="2023-09-09T21:07:08 IST" name="Default test" finished-at="2023-09-09T21:07:23 IST" duration-ms="14448">
      <class name="testNG.demo.DataProviderDemo">
        <test-method signature="login(java.lang.String,java.lang.String)[pri:0, instance:testNG.demo.DataProviderDemo@6302bbb1]" started-at="2023-09-09T21:07:08 IST" name="login" data-provider="credentials" finished-at="2023-09-09T21:07:16 IST" duration-ms="7871" status="PASS">
          <params>
            <param index="0">
              <value>
                <![CDATA[harry]]>
              </value>
            </param>
            <param index="1">
              <value>
                <![CDATA[harry@123]]>
              </value>
            </param>
          </params>
          <reporter-output>
          </reporter-output>
        </test-method> <!-- login -->
        <test-method signature="login(java.lang.String,java.lang.String)[pri:0, instance:testNG.demo.DataProviderDemo@6302bbb1]" started-at="2023-09-09T21:07:16 IST" name="login" data-provider="credentials" finished-at="2023-09-09T21:07:23 IST" duration-ms="6443" status="PASS">
          <params>
            <param index="0">
              <value>
                <![CDATA[natasha]]>
              </value>
            </param>
            <param index="1">
              <value>
                <![CDATA[natasha@123]]>
              </value>
            </param>
          </params>
          <reporter-output>
          </reporter-output>
        </test-method> <!-- login -->
      </class> <!-- testNG.demo.DataProviderDemo -->
    </test> <!-- Default test -->
  </suite> <!-- Default suite -->
</testng-results>
